<?xml version="1.0" encoding="UTF-8"?>
<!-- Generated by org.testng.reporters.JUnitReportReporter -->
<testsuite hostname="LPTP-0085" name="example.NewTest" tests="1" failures="0" timestamp="4 Jan 2018 09:01:57 GMT" time="10.766" errors="0">
  <testcase name="testEasy" time="10.766" classname="example.NewTest"/>
</testsuite> <!-- example.NewTest -->
