<?xml version="1.0" encoding="UTF-8"?>
<!-- Generated by org.testng.reporters.JUnitReportReporter -->
<testsuite name="example.NewTest" tests="1" time="9.269" ignored="0" failures="0" timestamp="10 Jan 2018 10:47:53 GMT" skipped="0" hostname="LPTP-0085" errors="0">
  <testcase name="testEasy" time="9.269" classname="example.NewTest"/>
</testsuite> <!-- example.NewTest -->
